2019-09-20 18:56:12,393 INFO [StartupInfoLogger.java:50] Starting App v0.0.1-SNAPSHOT on user-PC with PID 8380 (C:\Users\user\git\ceircode_stakeholder\CeirPannelCode\target\CeirPannelCode.war started by user in C:\Users\user\git\ceircode_stakeholder\CeirPannelCode\target)
2019-09-20 18:56:12,398 DEBUG [StartupInfoLogger.java:53] Running with Spring Boot v2.0.4.RELEASE, Spring v5.0.8.RELEASE
2019-09-20 18:56:12,402 INFO [SpringApplication.java:662] No active profile set, falling back to default profiles: default
2019-09-20 18:56:12,428 DEBUG [ResourceBundleMessageInterpolator.java:89] Loaded expression factory via original TCCL
2019-09-20 18:56:12,452 DEBUG [ValidatorFactoryImpl.java:578] HV000234: Using org.hibernate.validator.messageinterpolation.ResourceBundleMessageInterpolator as ValidatorFactory-scoped message interpolator.
2019-09-20 18:56:12,452 DEBUG [ValidatorFactoryImpl.java:579] HV000234: Using org.hibernate.validator.internal.engine.resolver.TraverseAllTraversableResolver as ValidatorFactory-scoped traversable resolver.
2019-09-20 18:56:12,453 DEBUG [ValidatorFactoryImpl.java:580] HV000234: Using org.hibernate.validator.internal.util.ExecutableParameterNameProvider as ValidatorFactory-scoped parameter name provider.
2019-09-20 18:56:12,453 DEBUG [ValidatorFactoryImpl.java:581] HV000234: Using org.hibernate.validator.internal.engine.DefaultClockProvider as ValidatorFactory-scoped clock provider.
2019-09-20 18:56:12,453 DEBUG [ValidatorFactoryImpl.java:582] HV000234: Using org.hibernate.validator.internal.engine.scripting.DefaultScriptEvaluatorFactory as ValidatorFactory-scoped script evaluator factory.
2019-09-20 18:56:12,536 INFO [AbstractApplicationContext.java:590] Refreshing org.springframework.boot.web.servlet.context.AnnotationConfigServletWebServerApplicationContext@2a3046da: startup date [Fri Sep 20 18:56:12 IST 2019]; root of context hierarchy
2019-09-20 18:56:14,333 INFO [PostProcessorRegistrationDelegate.java:326] Bean 'org.springframework.ws.config.annotation.DelegatingWsConfiguration' of type [org.springframework.ws.config.annotation.DelegatingWsConfiguration$$EnhancerBySpringCGLIB$$fdd808e0] is not eligible for getting processed by all BeanPostProcessors (for example: not eligible for auto-proxying)
2019-09-20 18:56:14,388 INFO [AbstractAddressingEndpointMapping.java:236] Supporting [WS-Addressing August 2004, WS-Addressing 1.0]
2019-09-20 18:56:15,074 INFO [TomcatWebServer.java:91] Tomcat initialized with port(s): 8080 (http)
2019-09-20 18:56:15,106 INFO [DirectJDKLog.java:180] Initializing ProtocolHandler ["http-nio-8080"]
2019-09-20 18:56:15,129 INFO [DirectJDKLog.java:180] Starting service [Tomcat]
2019-09-20 18:56:15,130 INFO [DirectJDKLog.java:180] Starting Servlet Engine: Apache Tomcat/8.5.32
2019-09-20 18:56:15,148 INFO [DirectJDKLog.java:180] The APR based Apache Tomcat Native library which allows optimal performance in production environments was not found on the java.library.path: [C:\Program Files (x86)\Common Files\Oracle\Java\javapath;C:\Windows\Sun\Java\bin;C:\Windows\system32;C:\Windows;C:\Program Files (x86)\Common Files\Oracle\Java\javapath;C:\Windows\system32;C:\Windows;C:\Windows\System32\Wbem;C:\Windows\System32\WindowsPowerShell\v1.0\;C:\Program Files (x86)\PuTTY\;C:\Program Files (x86)\Java\jdk1.8.0_221\bin;;.]
2019-09-20 18:56:17,025 INFO [DirectJDKLog.java:180] At least one JAR was scanned for TLDs yet contained no TLDs. Enable debug logging for this logger for a complete list of JARs that were scanned but no TLDs were found in them. Skipping unneeded JARs during scanning can improve startup time and JSP compilation time.
2019-09-20 18:56:17,554 INFO [DirectJDKLog.java:180] Initializing Spring embedded WebApplicationContext
2019-09-20 18:56:17,554 INFO [ServletWebServerApplicationContext.java:285] Root WebApplicationContext: initialization completed in 5018 ms
2019-09-20 18:56:17,747 INFO [ServletRegistrationBean.java:187] Servlet dispatcherServlet mapped to [/]
2019-09-20 18:56:17,749 INFO [ServletRegistrationBean.java:187] Servlet messageDispatcherServlet mapped to [/services/*]
2019-09-20 18:56:17,753 INFO [AbstractFilterRegistrationBean.java:245] Mapping filter: 'characterEncodingFilter' to: [/*]
2019-09-20 18:56:17,754 INFO [AbstractFilterRegistrationBean.java:245] Mapping filter: 'hiddenHttpMethodFilter' to: [/*]
2019-09-20 18:56:17,754 INFO [AbstractFilterRegistrationBean.java:245] Mapping filter: 'httpPutFormContentFilter' to: [/*]
2019-09-20 18:56:17,754 INFO [AbstractFilterRegistrationBean.java:245] Mapping filter: 'requestContextFilter' to: [/*]
2019-09-20 18:56:17,836 DEBUG [TraversableResolvers.java:60] Cannot find javax.persistence.Persistence on classpath. Assuming non JPA 2 environment. All properties will per default be traversable.
2019-09-20 18:56:17,837 DEBUG [ResourceBundleMessageInterpolator.java:89] Loaded expression factory via original TCCL
2019-09-20 18:56:17,858 DEBUG [TraversableResolvers.java:60] Cannot find javax.persistence.Persistence on classpath. Assuming non JPA 2 environment. All properties will per default be traversable.
2019-09-20 18:56:17,859 DEBUG [ConfigurationImpl.java:148] Setting custom MessageInterpolator of type org.springframework.validation.beanvalidation.LocaleContextMessageInterpolator
2019-09-20 18:56:17,860 DEBUG [ConfigurationImpl.java:180] Setting custom ConstraintValidatorFactory of type org.springframework.validation.beanvalidation.SpringConstraintValidatorFactory
2019-09-20 18:56:17,861 DEBUG [ConfigurationImpl.java:194] Setting custom ParameterNameProvider of type org.springframework.validation.beanvalidation.LocalValidatorFactoryBean$1
2019-09-20 18:56:17,863 DEBUG [ValidationXmlParser.java:120] Trying to load META-INF/validation.xml for XML based Validator configuration.
2019-09-20 18:56:17,863 DEBUG [ResourceLoaderHelper.java:53] Trying to load META-INF/validation.xml via user class loader
2019-09-20 18:56:17,864 DEBUG [ResourceLoaderHelper.java:60] Trying to load META-INF/validation.xml via TCCL
2019-09-20 18:56:17,864 DEBUG [ResourceLoaderHelper.java:66] Trying to load META-INF/validation.xml via Hibernate Validator's class loader
2019-09-20 18:56:17,865 DEBUG [ValidationXmlParser.java:127] No META-INF/validation.xml found. Using annotation based configuration only.
2019-09-20 18:56:17,874 DEBUG [ValidatorFactoryImpl.java:578] HV000234: Using org.springframework.validation.beanvalidation.LocaleContextMessageInterpolator as ValidatorFactory-scoped message interpolator.
2019-09-20 18:56:17,875 DEBUG [ValidatorFactoryImpl.java:579] HV000234: Using org.hibernate.validator.internal.engine.resolver.TraverseAllTraversableResolver as ValidatorFactory-scoped traversable resolver.
2019-09-20 18:56:17,875 DEBUG [ValidatorFactoryImpl.java:580] HV000234: Using org.hibernate.validator.internal.util.ExecutableParameterNameProvider as ValidatorFactory-scoped parameter name provider.
2019-09-20 18:56:17,875 DEBUG [ValidatorFactoryImpl.java:581] HV000234: Using org.hibernate.validator.internal.engine.DefaultClockProvider as ValidatorFactory-scoped clock provider.
2019-09-20 18:56:17,875 DEBUG [ValidatorFactoryImpl.java:582] HV000234: Using org.hibernate.validator.internal.engine.scripting.DefaultScriptEvaluatorFactory as ValidatorFactory-scoped script evaluator factory.
2019-09-20 18:56:17,972 INFO [AbstractUrlHandlerMapping.java:373] Mapped URL path [/**/favicon.ico] onto handler of type [class org.springframework.web.servlet.resource.ResourceHttpRequestHandler]
2019-09-20 18:56:18,457 INFO [RequestMappingHandlerAdapter.java:574] Looking for @ControllerAdvice: org.springframework.boot.web.servlet.context.AnnotationConfigServletWebServerApplicationContext@2a3046da: startup date [Fri Sep 20 18:56:12 IST 2019]; root of context hierarchy
2019-09-20 18:56:18,558 INFO [AbstractHandlerMethodMapping.java:547] Mapped "{[/],methods=[GET]}" onto public java.lang.String org.gl.ceir.CeirPannelCode.Controller.RegisterController.register()
2019-09-20 18:56:18,559 INFO [AbstractHandlerMethodMapping.java:547] Mapped "{[/hello],methods=[GET]}" onto public java.lang.String org.gl.ceir.CeirPannelCode.Controller.RegisterController.hello()
2019-09-20 18:56:18,564 INFO [AbstractHandlerMethodMapping.java:547] Mapped "{[/error]}" onto public org.springframework.http.ResponseEntity<java.util.Map<java.lang.String, java.lang.Object>> org.springframework.boot.autoconfigure.web.servlet.error.BasicErrorController.error(javax.servlet.http.HttpServletRequest)
2019-09-20 18:56:18,565 INFO [AbstractHandlerMethodMapping.java:547] Mapped "{[/error],produces=[text/html]}" onto public org.springframework.web.servlet.ModelAndView org.springframework.boot.autoconfigure.web.servlet.error.BasicErrorController.errorHtml(javax.servlet.http.HttpServletRequest,javax.servlet.http.HttpServletResponse)
2019-09-20 18:56:18,611 INFO [AbstractUrlHandlerMapping.java:373] Mapped URL path [/webjars/**] onto handler of type [class org.springframework.web.servlet.resource.ResourceHttpRequestHandler]
2019-09-20 18:56:18,611 INFO [AbstractUrlHandlerMapping.java:373] Mapped URL path [/**] onto handler of type [class org.springframework.web.servlet.resource.ResourceHttpRequestHandler]
2019-09-20 18:56:18,834 WARN [AbstractApplicationContext.java:558] Exception encountered during context initialization - cancelling refresh attempt: org.springframework.beans.factory.BeanCreationException: Error creating bean with name 'dataSource' defined in class path resource [org/springframework/boot/autoconfigure/jdbc/DataSourceConfiguration$Hikari.class]: Bean instantiation via factory method failed; nested exception is org.springframework.beans.BeanInstantiationException: Failed to instantiate [com.zaxxer.hikari.HikariDataSource]: Factory method 'dataSource' threw exception; nested exception is org.springframework.boot.autoconfigure.jdbc.DataSourceProperties$DataSourceBeanCreationException: Failed to determine a suitable driver class
2019-09-20 18:56:18,835 INFO [MBeanExporter.java:451] Unregistering JMX-exposed beans on shutdown
2019-09-20 18:56:18,840 INFO [DirectJDKLog.java:180] Stopping service [Tomcat]
2019-09-20 18:56:18,872 INFO [ConditionEvaluationReportLoggingListener.java:101] 

Error starting ApplicationContext. To display the conditions report re-run your application with 'debug' enabled.
2019-09-20 18:56:18,876 ERROR [LoggingFailureAnalysisReporter.java:42] 

***************************
APPLICATION FAILED TO START
***************************

Description:

Failed to configure a DataSource: 'url' attribute is not specified and no embedded datasource could be configured.

Reason: Failed to determine a suitable driver class


Action:

Consider the following:
	If you want an embedded database (H2, HSQL or Derby), please put it on the classpath.
	If you have database settings to be loaded from a particular profile you may need to activate it (no profiles are currently active).

2019-09-20 18:59:21,600 DEBUG [ResourceBundleMessageInterpolator.java:89] Loaded expression factory via original TCCL
2019-09-20 18:59:21,605 INFO [StartupInfoLogger.java:50] Starting App v0.0.1-SNAPSHOT on user-PC with PID 8424 (C:\Users\user\git\ceircode_stakeholder\CeirPannelCode\target\CeirPannelCode.war started by user in C:\Users\user\git\ceircode_stakeholder\CeirPannelCode\target)
2019-09-20 18:59:21,607 DEBUG [StartupInfoLogger.java:53] Running with Spring Boot v2.0.4.RELEASE, Spring v5.0.8.RELEASE
2019-09-20 18:59:21,609 INFO [SpringApplication.java:662] No active profile set, falling back to default profiles: default
2019-09-20 18:59:21,618 DEBUG [ValidatorFactoryImpl.java:578] HV000234: Using org.hibernate.validator.messageinterpolation.ResourceBundleMessageInterpolator as ValidatorFactory-scoped message interpolator.
2019-09-20 18:59:21,618 DEBUG [ValidatorFactoryImpl.java:579] HV000234: Using org.hibernate.validator.internal.engine.resolver.TraverseAllTraversableResolver as ValidatorFactory-scoped traversable resolver.
2019-09-20 18:59:21,618 DEBUG [ValidatorFactoryImpl.java:580] HV000234: Using org.hibernate.validator.internal.util.ExecutableParameterNameProvider as ValidatorFactory-scoped parameter name provider.
2019-09-20 18:59:21,619 DEBUG [ValidatorFactoryImpl.java:581] HV000234: Using org.hibernate.validator.internal.engine.DefaultClockProvider as ValidatorFactory-scoped clock provider.
2019-09-20 18:59:21,619 DEBUG [ValidatorFactoryImpl.java:582] HV000234: Using org.hibernate.validator.internal.engine.scripting.DefaultScriptEvaluatorFactory as ValidatorFactory-scoped script evaluator factory.
2019-09-20 18:59:21,741 INFO [AbstractApplicationContext.java:590] Refreshing org.springframework.boot.web.servlet.context.AnnotationConfigServletWebServerApplicationContext@2a098129: startup date [Fri Sep 20 18:59:21 IST 2019]; root of context hierarchy
2019-09-20 18:59:23,777 INFO [PostProcessorRegistrationDelegate.java:326] Bean 'org.springframework.ws.config.annotation.DelegatingWsConfiguration' of type [org.springframework.ws.config.annotation.DelegatingWsConfiguration$$EnhancerBySpringCGLIB$$fdd808e0] is not eligible for getting processed by all BeanPostProcessors (for example: not eligible for auto-proxying)
2019-09-20 18:59:23,827 INFO [AbstractAddressingEndpointMapping.java:236] Supporting [WS-Addressing August 2004, WS-Addressing 1.0]
2019-09-20 18:59:24,465 INFO [TomcatWebServer.java:91] Tomcat initialized with port(s): 8080 (http)
2019-09-20 18:59:24,484 INFO [DirectJDKLog.java:180] Initializing ProtocolHandler ["http-nio-8080"]
2019-09-20 18:59:24,504 INFO [DirectJDKLog.java:180] Starting service [Tomcat]
2019-09-20 18:59:24,504 INFO [DirectJDKLog.java:180] Starting Servlet Engine: Apache Tomcat/8.5.32
2019-09-20 18:59:24,519 INFO [DirectJDKLog.java:180] The APR based Apache Tomcat Native library which allows optimal performance in production environments was not found on the java.library.path: [C:\Program Files (x86)\Common Files\Oracle\Java\javapath;C:\Windows\Sun\Java\bin;C:\Windows\system32;C:\Windows;C:\Program Files (x86)\Common Files\Oracle\Java\javapath;C:\Windows\system32;C:\Windows;C:\Windows\System32\Wbem;C:\Windows\System32\WindowsPowerShell\v1.0\;C:\Program Files (x86)\PuTTY\;C:\Program Files (x86)\Java\jdk1.8.0_221\bin;;.]
2019-09-20 18:59:26,370 INFO [DirectJDKLog.java:180] At least one JAR was scanned for TLDs yet contained no TLDs. Enable debug logging for this logger for a complete list of JARs that were scanned but no TLDs were found in them. Skipping unneeded JARs during scanning can improve startup time and JSP compilation time.
2019-09-20 18:59:26,868 INFO [DirectJDKLog.java:180] Initializing Spring embedded WebApplicationContext
2019-09-20 18:59:26,868 INFO [ServletWebServerApplicationContext.java:285] Root WebApplicationContext: initialization completed in 5127 ms
2019-09-20 18:59:27,075 INFO [ServletRegistrationBean.java:187] Servlet dispatcherServlet mapped to [/]
2019-09-20 18:59:27,078 INFO [ServletRegistrationBean.java:187] Servlet messageDispatcherServlet mapped to [/services/*]
2019-09-20 18:59:27,081 INFO [AbstractFilterRegistrationBean.java:245] Mapping filter: 'characterEncodingFilter' to: [/*]
2019-09-20 18:59:27,082 INFO [AbstractFilterRegistrationBean.java:245] Mapping filter: 'hiddenHttpMethodFilter' to: [/*]
2019-09-20 18:59:27,082 INFO [AbstractFilterRegistrationBean.java:245] Mapping filter: 'httpPutFormContentFilter' to: [/*]
2019-09-20 18:59:27,082 INFO [AbstractFilterRegistrationBean.java:245] Mapping filter: 'requestContextFilter' to: [/*]
2019-09-20 18:59:27,153 DEBUG [TraversableResolvers.java:60] Cannot find javax.persistence.Persistence on classpath. Assuming non JPA 2 environment. All properties will per default be traversable.
2019-09-20 18:59:27,154 DEBUG [ResourceBundleMessageInterpolator.java:89] Loaded expression factory via original TCCL
2019-09-20 18:59:27,164 DEBUG [TraversableResolvers.java:60] Cannot find javax.persistence.Persistence on classpath. Assuming non JPA 2 environment. All properties will per default be traversable.
2019-09-20 18:59:27,166 DEBUG [ConfigurationImpl.java:148] Setting custom MessageInterpolator of type org.springframework.validation.beanvalidation.LocaleContextMessageInterpolator
2019-09-20 18:59:27,167 DEBUG [ConfigurationImpl.java:180] Setting custom ConstraintValidatorFactory of type org.springframework.validation.beanvalidation.SpringConstraintValidatorFactory
2019-09-20 18:59:27,168 DEBUG [ConfigurationImpl.java:194] Setting custom ParameterNameProvider of type org.springframework.validation.beanvalidation.LocalValidatorFactoryBean$1
2019-09-20 18:59:27,170 DEBUG [ValidationXmlParser.java:120] Trying to load META-INF/validation.xml for XML based Validator configuration.
2019-09-20 18:59:27,171 DEBUG [ResourceLoaderHelper.java:53] Trying to load META-INF/validation.xml via user class loader
2019-09-20 18:59:27,171 DEBUG [ResourceLoaderHelper.java:60] Trying to load META-INF/validation.xml via TCCL
2019-09-20 18:59:27,172 DEBUG [ResourceLoaderHelper.java:66] Trying to load META-INF/validation.xml via Hibernate Validator's class loader
2019-09-20 18:59:27,172 DEBUG [ValidationXmlParser.java:127] No META-INF/validation.xml found. Using annotation based configuration only.
2019-09-20 18:59:27,180 DEBUG [ValidatorFactoryImpl.java:578] HV000234: Using org.springframework.validation.beanvalidation.LocaleContextMessageInterpolator as ValidatorFactory-scoped message interpolator.
2019-09-20 18:59:27,180 DEBUG [ValidatorFactoryImpl.java:579] HV000234: Using org.hibernate.validator.internal.engine.resolver.TraverseAllTraversableResolver as ValidatorFactory-scoped traversable resolver.
2019-09-20 18:59:27,181 DEBUG [ValidatorFactoryImpl.java:580] HV000234: Using org.hibernate.validator.internal.util.ExecutableParameterNameProvider as ValidatorFactory-scoped parameter name provider.
2019-09-20 18:59:27,181 DEBUG [ValidatorFactoryImpl.java:581] HV000234: Using org.hibernate.validator.internal.engine.DefaultClockProvider as ValidatorFactory-scoped clock provider.
2019-09-20 18:59:27,181 DEBUG [ValidatorFactoryImpl.java:582] HV000234: Using org.hibernate.validator.internal.engine.scripting.DefaultScriptEvaluatorFactory as ValidatorFactory-scoped script evaluator factory.
2019-09-20 18:59:27,281 INFO [AbstractUrlHandlerMapping.java:373] Mapped URL path [/**/favicon.ico] onto handler of type [class org.springframework.web.servlet.resource.ResourceHttpRequestHandler]
2019-09-20 18:59:27,767 INFO [RequestMappingHandlerAdapter.java:574] Looking for @ControllerAdvice: org.springframework.boot.web.servlet.context.AnnotationConfigServletWebServerApplicationContext@2a098129: startup date [Fri Sep 20 18:59:21 IST 2019]; root of context hierarchy
2019-09-20 18:59:27,887 INFO [AbstractHandlerMethodMapping.java:547] Mapped "{[/],methods=[GET]}" onto public java.lang.String org.gl.ceir.CeirPannelCode.Controller.RegisterController.register()
2019-09-20 18:59:27,889 INFO [AbstractHandlerMethodMapping.java:547] Mapped "{[/hello],methods=[GET]}" onto public java.lang.String org.gl.ceir.CeirPannelCode.Controller.RegisterController.hello()
2019-09-20 18:59:27,893 INFO [AbstractHandlerMethodMapping.java:547] Mapped "{[/error]}" onto public org.springframework.http.ResponseEntity<java.util.Map<java.lang.String, java.lang.Object>> org.springframework.boot.autoconfigure.web.servlet.error.BasicErrorController.error(javax.servlet.http.HttpServletRequest)
2019-09-20 18:59:27,894 INFO [AbstractHandlerMethodMapping.java:547] Mapped "{[/error],produces=[text/html]}" onto public org.springframework.web.servlet.ModelAndView org.springframework.boot.autoconfigure.web.servlet.error.BasicErrorController.errorHtml(javax.servlet.http.HttpServletRequest,javax.servlet.http.HttpServletResponse)
2019-09-20 18:59:27,931 INFO [AbstractUrlHandlerMapping.java:373] Mapped URL path [/webjars/**] onto handler of type [class org.springframework.web.servlet.resource.ResourceHttpRequestHandler]
2019-09-20 18:59:27,932 INFO [AbstractUrlHandlerMapping.java:373] Mapped URL path [/**] onto handler of type [class org.springframework.web.servlet.resource.ResourceHttpRequestHandler]
2019-09-20 18:59:28,166 WARN [AbstractApplicationContext.java:558] Exception encountered during context initialization - cancelling refresh attempt: org.springframework.beans.factory.BeanCreationException: Error creating bean with name 'dataSource' defined in class path resource [org/springframework/boot/autoconfigure/jdbc/DataSourceConfiguration$Hikari.class]: Bean instantiation via factory method failed; nested exception is org.springframework.beans.BeanInstantiationException: Failed to instantiate [com.zaxxer.hikari.HikariDataSource]: Factory method 'dataSource' threw exception; nested exception is org.springframework.boot.autoconfigure.jdbc.DataSourceProperties$DataSourceBeanCreationException: Failed to determine a suitable driver class
2019-09-20 18:59:28,167 INFO [MBeanExporter.java:451] Unregistering JMX-exposed beans on shutdown
2019-09-20 18:59:28,172 INFO [DirectJDKLog.java:180] Stopping service [Tomcat]
2019-09-20 18:59:28,198 INFO [ConditionEvaluationReportLoggingListener.java:101] 

Error starting ApplicationContext. To display the conditions report re-run your application with 'debug' enabled.
2019-09-20 18:59:28,202 ERROR [LoggingFailureAnalysisReporter.java:42] 

***************************
APPLICATION FAILED TO START
***************************

Description:

Failed to configure a DataSource: 'url' attribute is not specified and no embedded datasource could be configured.

Reason: Failed to determine a suitable driver class


Action:

Consider the following:
	If you want an embedded database (H2, HSQL or Derby), please put it on the classpath.
	If you have database settings to be loaded from a particular profile you may need to activate it (no profiles are currently active).

2019-09-20 19:13:19,219 DEBUG [ResourceBundleMessageInterpolator.java:89] Loaded expression factory via original TCCL
2019-09-20 19:13:19,252 DEBUG [ValidatorFactoryImpl.java:578] HV000234: Using org.hibernate.validator.messageinterpolation.ResourceBundleMessageInterpolator as ValidatorFactory-scoped message interpolator.
2019-09-20 19:13:19,253 DEBUG [ValidatorFactoryImpl.java:579] HV000234: Using org.hibernate.validator.internal.engine.resolver.TraverseAllTraversableResolver as ValidatorFactory-scoped traversable resolver.
2019-09-20 19:13:19,253 DEBUG [ValidatorFactoryImpl.java:580] HV000234: Using org.hibernate.validator.internal.util.ExecutableParameterNameProvider as ValidatorFactory-scoped parameter name provider.
2019-09-20 19:13:19,253 DEBUG [ValidatorFactoryImpl.java:581] HV000234: Using org.hibernate.validator.internal.engine.DefaultClockProvider as ValidatorFactory-scoped clock provider.
2019-09-20 19:13:19,254 DEBUG [ValidatorFactoryImpl.java:582] HV000234: Using org.hibernate.validator.internal.engine.scripting.DefaultScriptEvaluatorFactory as ValidatorFactory-scoped script evaluator factory.
2019-09-20 19:13:19,323 INFO [StartupInfoLogger.java:50] Starting App v0.0.1-SNAPSHOT on pc-PC with PID 2144 (C:\Users\pc\git\ceircode_stakeholder\CeirPannelCode\target\CeirPannelCode.war started by pc in C:\Users\pc\git\ceircode_stakeholder\CeirPannelCode\target)
2019-09-20 19:13:19,323 DEBUG [StartupInfoLogger.java:53] Running with Spring Boot v2.0.4.RELEASE, Spring v5.0.8.RELEASE
2019-09-20 19:13:19,324 INFO [SpringApplication.java:662] No active profile set, falling back to default profiles: default
2019-09-20 19:13:19,464 INFO [AbstractApplicationContext.java:590] Refreshing org.springframework.boot.web.servlet.context.AnnotationConfigServletWebServerApplicationContext@1e66f1f5: startup date [Fri Sep 20 19:13:19 IST 2019]; root of context hierarchy
2019-09-20 19:13:22,130 INFO [TomcatWebServer.java:91] Tomcat initialized with port(s): 8080 (http)
2019-09-20 19:13:22,163 INFO [DirectJDKLog.java:180] Initializing ProtocolHandler ["http-nio-8080"]
2019-09-20 19:13:22,230 INFO [DirectJDKLog.java:180] Starting service [Tomcat]
2019-09-20 19:13:22,231 INFO [DirectJDKLog.java:180] Starting Servlet Engine: Apache Tomcat/8.5.32
2019-09-20 19:13:22,267 INFO [DirectJDKLog.java:180] The APR based Apache Tomcat Native library which allows optimal performance in production environments was not found on the java.library.path: [C:\ProgramData\Oracle\Java\javapath;C:\Windows\Sun\Java\bin;C:\Windows\system32;C:\Windows;C:\ProgramData\Oracle\Java\javapath;C:\Windows\system32;C:\Windows;C:\Windows\System32\Wbem;C:\Windows\System32\WindowsPowerShell\v1.0\;C:\Program Files (x86)\PuTTY\;C:\Program Files\nodejs\;C:\Users\pc\AppData\Roaming\npm;C:\Users\pc\AppData\Local\Programs\Microsoft VS Code\bin;.]
2019-09-20 19:13:23,687 INFO [DirectJDKLog.java:180] At least one JAR was scanned for TLDs yet contained no TLDs. Enable debug logging for this logger for a complete list of JARs that were scanned but no TLDs were found in them. Skipping unneeded JARs during scanning can improve startup time and JSP compilation time.
2019-09-20 19:13:24,202 INFO [DirectJDKLog.java:180] Initializing Spring embedded WebApplicationContext
2019-09-20 19:13:24,203 INFO [ServletWebServerApplicationContext.java:285] Root WebApplicationContext: initialization completed in 4740 ms
2019-09-20 19:13:24,387 INFO [ServletRegistrationBean.java:187] Servlet dispatcherServlet mapped to [/]
2019-09-20 19:13:24,398 INFO [AbstractFilterRegistrationBean.java:245] Mapping filter: 'characterEncodingFilter' to: [/*]
2019-09-20 19:13:24,399 INFO [AbstractFilterRegistrationBean.java:245] Mapping filter: 'hiddenHttpMethodFilter' to: [/*]
2019-09-20 19:13:24,399 INFO [AbstractFilterRegistrationBean.java:245] Mapping filter: 'httpPutFormContentFilter' to: [/*]
2019-09-20 19:13:24,400 INFO [AbstractFilterRegistrationBean.java:245] Mapping filter: 'requestContextFilter' to: [/*]
2019-09-20 19:13:24,531 DEBUG [TraversableResolvers.java:60] Cannot find javax.persistence.Persistence on classpath. Assuming non JPA 2 environment. All properties will per default be traversable.
2019-09-20 19:13:24,531 DEBUG [ResourceBundleMessageInterpolator.java:89] Loaded expression factory via original TCCL
2019-09-20 19:13:24,541 DEBUG [TraversableResolvers.java:60] Cannot find javax.persistence.Persistence on classpath. Assuming non JPA 2 environment. All properties will per default be traversable.
2019-09-20 19:13:24,543 DEBUG [ConfigurationImpl.java:148] Setting custom MessageInterpolator of type org.springframework.validation.beanvalidation.LocaleContextMessageInterpolator
2019-09-20 19:13:24,544 DEBUG [ConfigurationImpl.java:180] Setting custom ConstraintValidatorFactory of type org.springframework.validation.beanvalidation.SpringConstraintValidatorFactory
2019-09-20 19:13:24,545 DEBUG [ConfigurationImpl.java:194] Setting custom ParameterNameProvider of type org.springframework.validation.beanvalidation.LocalValidatorFactoryBean$1
2019-09-20 19:13:24,546 DEBUG [ValidationXmlParser.java:120] Trying to load META-INF/validation.xml for XML based Validator configuration.
2019-09-20 19:13:24,547 DEBUG [ResourceLoaderHelper.java:53] Trying to load META-INF/validation.xml via user class loader
2019-09-20 19:13:24,547 DEBUG [ResourceLoaderHelper.java:60] Trying to load META-INF/validation.xml via TCCL
2019-09-20 19:13:24,548 DEBUG [ResourceLoaderHelper.java:66] Trying to load META-INF/validation.xml via Hibernate Validator's class loader
2019-09-20 19:13:24,548 DEBUG [ValidationXmlParser.java:127] No META-INF/validation.xml found. Using annotation based configuration only.
2019-09-20 19:13:24,555 DEBUG [ValidatorFactoryImpl.java:578] HV000234: Using org.springframework.validation.beanvalidation.LocaleContextMessageInterpolator as ValidatorFactory-scoped message interpolator.
2019-09-20 19:13:24,556 DEBUG [ValidatorFactoryImpl.java:579] HV000234: Using org.hibernate.validator.internal.engine.resolver.TraverseAllTraversableResolver as ValidatorFactory-scoped traversable resolver.
2019-09-20 19:13:24,556 DEBUG [ValidatorFactoryImpl.java:580] HV000234: Using org.hibernate.validator.internal.util.ExecutableParameterNameProvider as ValidatorFactory-scoped parameter name provider.
2019-09-20 19:13:24,556 DEBUG [ValidatorFactoryImpl.java:581] HV000234: Using org.hibernate.validator.internal.engine.DefaultClockProvider as ValidatorFactory-scoped clock provider.
2019-09-20 19:13:24,556 DEBUG [ValidatorFactoryImpl.java:582] HV000234: Using org.hibernate.validator.internal.engine.scripting.DefaultScriptEvaluatorFactory as ValidatorFactory-scoped script evaluator factory.
2019-09-20 19:13:24,680 INFO [AbstractUrlHandlerMapping.java:373] Mapped URL path [/**/favicon.ico] onto handler of type [class org.springframework.web.servlet.resource.ResourceHttpRequestHandler]
2019-09-20 19:13:25,054 INFO [RequestMappingHandlerAdapter.java:574] Looking for @ControllerAdvice: org.springframework.boot.web.servlet.context.AnnotationConfigServletWebServerApplicationContext@1e66f1f5: startup date [Fri Sep 20 19:13:19 IST 2019]; root of context hierarchy
2019-09-20 19:13:25,180 INFO [AbstractHandlerMethodMapping.java:547] Mapped "{[/],methods=[GET]}" onto public java.lang.String org.gl.ceir.CeirPannelCode.Controller.RegisterController.register()
2019-09-20 19:13:25,182 INFO [AbstractHandlerMethodMapping.java:547] Mapped "{[/hello],methods=[GET]}" onto public java.lang.String org.gl.ceir.CeirPannelCode.Controller.RegisterController.hello()
2019-09-20 19:13:25,188 INFO [AbstractHandlerMethodMapping.java:547] Mapped "{[/error]}" onto public org.springframework.http.ResponseEntity<java.util.Map<java.lang.String, java.lang.Object>> org.springframework.boot.autoconfigure.web.servlet.error.BasicErrorController.error(javax.servlet.http.HttpServletRequest)
2019-09-20 19:13:25,189 INFO [AbstractHandlerMethodMapping.java:547] Mapped "{[/error],produces=[text/html]}" onto public org.springframework.web.servlet.ModelAndView org.springframework.boot.autoconfigure.web.servlet.error.BasicErrorController.errorHtml(javax.servlet.http.HttpServletRequest,javax.servlet.http.HttpServletResponse)
2019-09-20 19:13:25,231 INFO [AbstractUrlHandlerMapping.java:373] Mapped URL path [/webjars/**] onto handler of type [class org.springframework.web.servlet.resource.ResourceHttpRequestHandler]
2019-09-20 19:13:25,231 INFO [AbstractUrlHandlerMapping.java:373] Mapped URL path [/**] onto handler of type [class org.springframework.web.servlet.resource.ResourceHttpRequestHandler]
2019-09-20 19:13:25,551 INFO [MBeanExporter.java:433] Registering beans for JMX exposure on startup
2019-09-20 19:13:25,576 INFO [DirectJDKLog.java:180] Starting ProtocolHandler ["http-nio-8080"]
2019-09-20 19:13:25,679 INFO [DirectJDKLog.java:180] Using a shared selector for servlet write/read
2019-09-20 19:13:25,717 INFO [TomcatWebServer.java:206] Tomcat started on port(s): 8080 (http) with context path '/CeirPannelCode'
2019-09-20 19:13:25,764 INFO [StartupInfoLogger.java:59] Started App in 7.258 seconds (JVM running for 8.251)
2019-09-20 19:13:43,894 INFO [DirectJDKLog.java:180] Initializing Spring FrameworkServlet 'dispatcherServlet'
2019-09-20 19:13:43,894 INFO [FrameworkServlet.java:494] FrameworkServlet 'dispatcherServlet': initialization started
2019-09-20 19:13:44,430 INFO [FrameworkServlet.java:509] FrameworkServlet 'dispatcherServlet': initialization completed in 535 ms
2019-09-20 19:15:34,766 INFO [AbstractApplicationContext.java:993] Closing org.springframework.boot.web.servlet.context.AnnotationConfigServletWebServerApplicationContext@1e66f1f5: startup date [Fri Sep 20 19:13:19 IST 2019]; root of context hierarchy
2019-09-20 19:15:34,769 INFO [MBeanExporter.java:451] Unregistering JMX-exposed beans on shutdown
2019-09-20 19:16:21,372 DEBUG [ResourceBundleMessageInterpolator.java:89] Loaded expression factory via original TCCL
2019-09-20 19:16:21,389 DEBUG [ValidatorFactoryImpl.java:578] HV000234: Using org.hibernate.validator.messageinterpolation.ResourceBundleMessageInterpolator as ValidatorFactory-scoped message interpolator.
2019-09-20 19:16:21,389 DEBUG [ValidatorFactoryImpl.java:579] HV000234: Using org.hibernate.validator.internal.engine.resolver.TraverseAllTraversableResolver as ValidatorFactory-scoped traversable resolver.
2019-09-20 19:16:21,389 DEBUG [ValidatorFactoryImpl.java:580] HV000234: Using org.hibernate.validator.internal.util.ExecutableParameterNameProvider as ValidatorFactory-scoped parameter name provider.
2019-09-20 19:16:21,390 DEBUG [ValidatorFactoryImpl.java:581] HV000234: Using org.hibernate.validator.internal.engine.DefaultClockProvider as ValidatorFactory-scoped clock provider.
2019-09-20 19:16:21,390 DEBUG [ValidatorFactoryImpl.java:582] HV000234: Using org.hibernate.validator.internal.engine.scripting.DefaultScriptEvaluatorFactory as ValidatorFactory-scoped script evaluator factory.
2019-09-20 19:16:21,487 INFO [StartupInfoLogger.java:50] Starting App v0.0.1-SNAPSHOT on pc-PC with PID 5332 (C:\Users\pc\git\ceircode_stakeholder\CeirPannelCode\target\CeirPannelCode.war started by pc in C:\Users\pc\git\ceircode_stakeholder\CeirPannelCode\target)
2019-09-20 19:16:21,488 DEBUG [StartupInfoLogger.java:53] Running with Spring Boot v2.0.4.RELEASE, Spring v5.0.8.RELEASE
2019-09-20 19:16:21,489 INFO [SpringApplication.java:662] No active profile set, falling back to default profiles: default
2019-09-20 19:16:21,637 INFO [AbstractApplicationContext.java:590] Refreshing org.springframework.boot.web.servlet.context.AnnotationConfigServletWebServerApplicationContext@49e5f737: startup date [Fri Sep 20 19:16:21 IST 2019]; root of context hierarchy
2019-09-20 19:16:23,890 INFO [TomcatWebServer.java:91] Tomcat initialized with port(s): 8080 (http)
2019-09-20 19:16:23,913 INFO [DirectJDKLog.java:180] Initializing ProtocolHandler ["http-nio-8080"]
2019-09-20 19:16:23,929 INFO [DirectJDKLog.java:180] Starting service [Tomcat]
2019-09-20 19:16:23,930 INFO [DirectJDKLog.java:180] Starting Servlet Engine: Apache Tomcat/8.5.32
2019-09-20 19:16:23,943 INFO [DirectJDKLog.java:180] The APR based Apache Tomcat Native library which allows optimal performance in production environments was not found on the java.library.path: [C:\ProgramData\Oracle\Java\javapath;C:\Windows\Sun\Java\bin;C:\Windows\system32;C:\Windows;C:\ProgramData\Oracle\Java\javapath;C:\Windows\system32;C:\Windows;C:\Windows\System32\Wbem;C:\Windows\System32\WindowsPowerShell\v1.0\;C:\Program Files (x86)\PuTTY\;C:\Program Files\nodejs\;C:\Users\pc\AppData\Roaming\npm;C:\Users\pc\AppData\Local\Programs\Microsoft VS Code\bin;.]
2019-09-20 19:16:25,326 INFO [DirectJDKLog.java:180] At least one JAR was scanned for TLDs yet contained no TLDs. Enable debug logging for this logger for a complete list of JARs that were scanned but no TLDs were found in them. Skipping unneeded JARs during scanning can improve startup time and JSP compilation time.
2019-09-20 19:16:25,854 INFO [DirectJDKLog.java:180] Initializing Spring embedded WebApplicationContext
2019-09-20 19:16:25,854 INFO [ServletWebServerApplicationContext.java:285] Root WebApplicationContext: initialization completed in 4220 ms
2019-09-20 19:16:25,932 INFO [ServletRegistrationBean.java:187] Servlet dispatcherServlet mapped to [/]
2019-09-20 19:16:25,939 INFO [AbstractFilterRegistrationBean.java:245] Mapping filter: 'characterEncodingFilter' to: [/*]
2019-09-20 19:16:25,940 INFO [AbstractFilterRegistrationBean.java:245] Mapping filter: 'hiddenHttpMethodFilter' to: [/*]
2019-09-20 19:16:25,940 INFO [AbstractFilterRegistrationBean.java:245] Mapping filter: 'httpPutFormContentFilter' to: [/*]
2019-09-20 19:16:25,940 INFO [AbstractFilterRegistrationBean.java:245] Mapping filter: 'requestContextFilter' to: [/*]
2019-09-20 19:16:26,010 DEBUG [TraversableResolvers.java:60] Cannot find javax.persistence.Persistence on classpath. Assuming non JPA 2 environment. All properties will per default be traversable.
2019-09-20 19:16:26,011 DEBUG [ResourceBundleMessageInterpolator.java:89] Loaded expression factory via original TCCL
2019-09-20 19:16:26,019 DEBUG [TraversableResolvers.java:60] Cannot find javax.persistence.Persistence on classpath. Assuming non JPA 2 environment. All properties will per default be traversable.
2019-09-20 19:16:26,021 DEBUG [ConfigurationImpl.java:148] Setting custom MessageInterpolator of type org.springframework.validation.beanvalidation.LocaleContextMessageInterpolator
2019-09-20 19:16:26,022 DEBUG [ConfigurationImpl.java:180] Setting custom ConstraintValidatorFactory of type org.springframework.validation.beanvalidation.SpringConstraintValidatorFactory
2019-09-20 19:16:26,023 DEBUG [ConfigurationImpl.java:194] Setting custom ParameterNameProvider of type org.springframework.validation.beanvalidation.LocalValidatorFactoryBean$1
2019-09-20 19:16:26,025 DEBUG [ValidationXmlParser.java:120] Trying to load META-INF/validation.xml for XML based Validator configuration.
2019-09-20 19:16:26,025 DEBUG [ResourceLoaderHelper.java:53] Trying to load META-INF/validation.xml via user class loader
2019-09-20 19:16:26,025 DEBUG [ResourceLoaderHelper.java:60] Trying to load META-INF/validation.xml via TCCL
2019-09-20 19:16:26,026 DEBUG [ResourceLoaderHelper.java:66] Trying to load META-INF/validation.xml via Hibernate Validator's class loader
2019-09-20 19:16:26,026 DEBUG [ValidationXmlParser.java:127] No META-INF/validation.xml found. Using annotation based configuration only.
2019-09-20 19:16:26,031 DEBUG [ValidatorFactoryImpl.java:578] HV000234: Using org.springframework.validation.beanvalidation.LocaleContextMessageInterpolator as ValidatorFactory-scoped message interpolator.
2019-09-20 19:16:26,032 DEBUG [ValidatorFactoryImpl.java:579] HV000234: Using org.hibernate.validator.internal.engine.resolver.TraverseAllTraversableResolver as ValidatorFactory-scoped traversable resolver.
2019-09-20 19:16:26,033 DEBUG [ValidatorFactoryImpl.java:580] HV000234: Using org.hibernate.validator.internal.util.ExecutableParameterNameProvider as ValidatorFactory-scoped parameter name provider.
2019-09-20 19:16:26,033 DEBUG [ValidatorFactoryImpl.java:581] HV000234: Using org.hibernate.validator.internal.engine.DefaultClockProvider as ValidatorFactory-scoped clock provider.
2019-09-20 19:16:26,033 DEBUG [ValidatorFactoryImpl.java:582] HV000234: Using org.hibernate.validator.internal.engine.scripting.DefaultScriptEvaluatorFactory as ValidatorFactory-scoped script evaluator factory.
2019-09-20 19:16:26,116 INFO [AbstractUrlHandlerMapping.java:373] Mapped URL path [/**/favicon.ico] onto handler of type [class org.springframework.web.servlet.resource.ResourceHttpRequestHandler]
2019-09-20 19:16:26,396 INFO [RequestMappingHandlerAdapter.java:574] Looking for @ControllerAdvice: org.springframework.boot.web.servlet.context.AnnotationConfigServletWebServerApplicationContext@49e5f737: startup date [Fri Sep 20 19:16:21 IST 2019]; root of context hierarchy
2019-09-20 19:16:26,523 INFO [AbstractHandlerMethodMapping.java:547] Mapped "{[/],methods=[GET]}" onto public java.lang.String org.gl.ceir.CeirPannelCode.Controller.RegisterController.register()
2019-09-20 19:16:26,524 INFO [AbstractHandlerMethodMapping.java:547] Mapped "{[/hello],methods=[GET]}" onto public java.lang.String org.gl.ceir.CeirPannelCode.Controller.RegisterController.hello()
2019-09-20 19:16:26,529 INFO [AbstractHandlerMethodMapping.java:547] Mapped "{[/error]}" onto public org.springframework.http.ResponseEntity<java.util.Map<java.lang.String, java.lang.Object>> org.springframework.boot.autoconfigure.web.servlet.error.BasicErrorController.error(javax.servlet.http.HttpServletRequest)
2019-09-20 19:16:26,530 INFO [AbstractHandlerMethodMapping.java:547] Mapped "{[/error],produces=[text/html]}" onto public org.springframework.web.servlet.ModelAndView org.springframework.boot.autoconfigure.web.servlet.error.BasicErrorController.errorHtml(javax.servlet.http.HttpServletRequest,javax.servlet.http.HttpServletResponse)
2019-09-20 19:16:26,581 INFO [AbstractUrlHandlerMapping.java:373] Mapped URL path [/webjars/**] onto handler of type [class org.springframework.web.servlet.resource.ResourceHttpRequestHandler]
2019-09-20 19:16:26,581 INFO [AbstractUrlHandlerMapping.java:373] Mapped URL path [/**] onto handler of type [class org.springframework.web.servlet.resource.ResourceHttpRequestHandler]
2019-09-20 19:16:26,839 INFO [MBeanExporter.java:433] Registering beans for JMX exposure on startup
2019-09-20 19:16:26,860 INFO [DirectJDKLog.java:180] Starting ProtocolHandler ["http-nio-8080"]
2019-09-20 19:16:26,890 INFO [DirectJDKLog.java:180] Using a shared selector for servlet write/read
2019-09-20 19:16:26,931 INFO [TomcatWebServer.java:206] Tomcat started on port(s): 8080 (http) with context path '/CeirPannelCode'
2019-09-20 19:16:26,938 INFO [StartupInfoLogger.java:59] Started App in 6.234 seconds (JVM running for 7.177)
2019-09-20 19:16:28,852 INFO [AbstractApplicationContext.java:993] Closing org.springframework.boot.web.servlet.context.AnnotationConfigServletWebServerApplicationContext@49e5f737: startup date [Fri Sep 20 19:16:21 IST 2019]; root of context hierarchy
2019-09-20 19:16:28,857 INFO [MBeanExporter.java:451] Unregistering JMX-exposed beans on shutdown
2019-09-20 19:16:39,655 INFO [StartupInfoLogger.java:50] Starting App v0.0.1-SNAPSHOT on pc-PC with PID 3752 (C:\Users\pc\git\ceircode_stakeholder\CeirPannelCode\target\CeirPannelCode.war started by pc in C:\Users\pc\git\ceircode_stakeholder\CeirPannelCode\target)
2019-09-20 19:16:39,660 DEBUG [ResourceBundleMessageInterpolator.java:89] Loaded expression factory via original TCCL
2019-09-20 19:16:39,660 DEBUG [StartupInfoLogger.java:53] Running with Spring Boot v2.0.4.RELEASE, Spring v5.0.8.RELEASE
2019-09-20 19:16:39,666 INFO [SpringApplication.java:662] No active profile set, falling back to default profiles: default
2019-09-20 19:16:39,675 DEBUG [ValidatorFactoryImpl.java:578] HV000234: Using org.hibernate.validator.messageinterpolation.ResourceBundleMessageInterpolator as ValidatorFactory-scoped message interpolator.
2019-09-20 19:16:39,675 DEBUG [ValidatorFactoryImpl.java:579] HV000234: Using org.hibernate.validator.internal.engine.resolver.TraverseAllTraversableResolver as ValidatorFactory-scoped traversable resolver.
2019-09-20 19:16:39,676 DEBUG [ValidatorFactoryImpl.java:580] HV000234: Using org.hibernate.validator.internal.util.ExecutableParameterNameProvider as ValidatorFactory-scoped parameter name provider.
2019-09-20 19:16:39,676 DEBUG [ValidatorFactoryImpl.java:581] HV000234: Using org.hibernate.validator.internal.engine.DefaultClockProvider as ValidatorFactory-scoped clock provider.
2019-09-20 19:16:39,678 DEBUG [ValidatorFactoryImpl.java:582] HV000234: Using org.hibernate.validator.internal.engine.scripting.DefaultScriptEvaluatorFactory as ValidatorFactory-scoped script evaluator factory.
2019-09-20 19:16:39,748 INFO [AbstractApplicationContext.java:590] Refreshing org.springframework.boot.web.servlet.context.AnnotationConfigServletWebServerApplicationContext@6db9f5a4: startup date [Fri Sep 20 19:16:39 IST 2019]; root of context hierarchy
2019-09-20 19:16:42,011 INFO [TomcatWebServer.java:91] Tomcat initialized with port(s): 8080 (http)
2019-09-20 19:16:42,043 INFO [DirectJDKLog.java:180] Initializing ProtocolHandler ["http-nio-8080"]
2019-09-20 19:16:42,060 INFO [DirectJDKLog.java:180] Starting service [Tomcat]
2019-09-20 19:16:42,061 INFO [DirectJDKLog.java:180] Starting Servlet Engine: Apache Tomcat/8.5.32
2019-09-20 19:16:42,098 INFO [DirectJDKLog.java:180] The APR based Apache Tomcat Native library which allows optimal performance in production environments was not found on the java.library.path: [C:\ProgramData\Oracle\Java\javapath;C:\Windows\Sun\Java\bin;C:\Windows\system32;C:\Windows;C:\ProgramData\Oracle\Java\javapath;C:\Windows\system32;C:\Windows;C:\Windows\System32\Wbem;C:\Windows\System32\WindowsPowerShell\v1.0\;C:\Program Files (x86)\PuTTY\;C:\Program Files\nodejs\;C:\Users\pc\AppData\Roaming\npm;C:\Users\pc\AppData\Local\Programs\Microsoft VS Code\bin;.]
2019-09-20 19:16:43,662 INFO [DirectJDKLog.java:180] At least one JAR was scanned for TLDs yet contained no TLDs. Enable debug logging for this logger for a complete list of JARs that were scanned but no TLDs were found in them. Skipping unneeded JARs during scanning can improve startup time and JSP compilation time.
2019-09-20 19:16:44,228 INFO [DirectJDKLog.java:180] Initializing Spring embedded WebApplicationContext
2019-09-20 19:16:44,229 INFO [ServletWebServerApplicationContext.java:285] Root WebApplicationContext: initialization completed in 4483 ms
2019-09-20 19:16:44,328 INFO [ServletRegistrationBean.java:187] Servlet dispatcherServlet mapped to [/]
2019-09-20 19:16:44,336 INFO [AbstractFilterRegistrationBean.java:245] Mapping filter: 'characterEncodingFilter' to: [/*]
2019-09-20 19:16:44,337 INFO [AbstractFilterRegistrationBean.java:245] Mapping filter: 'hiddenHttpMethodFilter' to: [/*]
2019-09-20 19:16:44,337 INFO [AbstractFilterRegistrationBean.java:245] Mapping filter: 'httpPutFormContentFilter' to: [/*]
2019-09-20 19:16:44,338 INFO [AbstractFilterRegistrationBean.java:245] Mapping filter: 'requestContextFilter' to: [/*]
2019-09-20 19:16:44,418 DEBUG [TraversableResolvers.java:60] Cannot find javax.persistence.Persistence on classpath. Assuming non JPA 2 environment. All properties will per default be traversable.
2019-09-20 19:16:44,419 DEBUG [ResourceBundleMessageInterpolator.java:89] Loaded expression factory via original TCCL
2019-09-20 19:16:44,433 DEBUG [TraversableResolvers.java:60] Cannot find javax.persistence.Persistence on classpath. Assuming non JPA 2 environment. All properties will per default be traversable.
2019-09-20 19:16:44,435 DEBUG [ConfigurationImpl.java:148] Setting custom MessageInterpolator of type org.springframework.validation.beanvalidation.LocaleContextMessageInterpolator
2019-09-20 19:16:44,436 DEBUG [ConfigurationImpl.java:180] Setting custom ConstraintValidatorFactory of type org.springframework.validation.beanvalidation.SpringConstraintValidatorFactory
2019-09-20 19:16:44,437 DEBUG [ConfigurationImpl.java:194] Setting custom ParameterNameProvider of type org.springframework.validation.beanvalidation.LocalValidatorFactoryBean$1
2019-09-20 19:16:44,439 DEBUG [ValidationXmlParser.java:120] Trying to load META-INF/validation.xml for XML based Validator configuration.
2019-09-20 19:16:44,439 DEBUG [ResourceLoaderHelper.java:53] Trying to load META-INF/validation.xml via user class loader
2019-09-20 19:16:44,440 DEBUG [ResourceLoaderHelper.java:60] Trying to load META-INF/validation.xml via TCCL
2019-09-20 19:16:44,440 DEBUG [ResourceLoaderHelper.java:66] Trying to load META-INF/validation.xml via Hibernate Validator's class loader
2019-09-20 19:16:44,441 DEBUG [ValidationXmlParser.java:127] No META-INF/validation.xml found. Using annotation based configuration only.
2019-09-20 19:16:44,450 DEBUG [ValidatorFactoryImpl.java:578] HV000234: Using org.springframework.validation.beanvalidation.LocaleContextMessageInterpolator as ValidatorFactory-scoped message interpolator.
2019-09-20 19:16:44,451 DEBUG [ValidatorFactoryImpl.java:579] HV000234: Using org.hibernate.validator.internal.engine.resolver.TraverseAllTraversableResolver as ValidatorFactory-scoped traversable resolver.
2019-09-20 19:16:44,451 DEBUG [ValidatorFactoryImpl.java:580] HV000234: Using org.hibernate.validator.internal.util.ExecutableParameterNameProvider as ValidatorFactory-scoped parameter name provider.
2019-09-20 19:16:44,451 DEBUG [ValidatorFactoryImpl.java:581] HV000234: Using org.hibernate.validator.internal.engine.DefaultClockProvider as ValidatorFactory-scoped clock provider.
2019-09-20 19:16:44,452 DEBUG [ValidatorFactoryImpl.java:582] HV000234: Using org.hibernate.validator.internal.engine.scripting.DefaultScriptEvaluatorFactory as ValidatorFactory-scoped script evaluator factory.
2019-09-20 19:16:44,592 INFO [AbstractUrlHandlerMapping.java:373] Mapped URL path [/**/favicon.ico] onto handler of type [class org.springframework.web.servlet.resource.ResourceHttpRequestHandler]
2019-09-20 19:16:45,013 INFO [RequestMappingHandlerAdapter.java:574] Looking for @ControllerAdvice: org.springframework.boot.web.servlet.context.AnnotationConfigServletWebServerApplicationContext@6db9f5a4: startup date [Fri Sep 20 19:16:39 IST 2019]; root of context hierarchy
2019-09-20 19:16:45,190 INFO [AbstractHandlerMethodMapping.java:547] Mapped "{[/],methods=[GET]}" onto public java.lang.String org.gl.ceir.CeirPannelCode.Controller.RegisterController.register()
2019-09-20 19:16:45,192 INFO [AbstractHandlerMethodMapping.java:547] Mapped "{[/hello],methods=[GET]}" onto public java.lang.String org.gl.ceir.CeirPannelCode.Controller.RegisterController.hello()
2019-09-20 19:16:45,204 INFO [AbstractHandlerMethodMapping.java:547] Mapped "{[/error]}" onto public org.springframework.http.ResponseEntity<java.util.Map<java.lang.String, java.lang.Object>> org.springframework.boot.autoconfigure.web.servlet.error.BasicErrorController.error(javax.servlet.http.HttpServletRequest)
2019-09-20 19:16:45,206 INFO [AbstractHandlerMethodMapping.java:547] Mapped "{[/error],produces=[text/html]}" onto public org.springframework.web.servlet.ModelAndView org.springframework.boot.autoconfigure.web.servlet.error.BasicErrorController.errorHtml(javax.servlet.http.HttpServletRequest,javax.servlet.http.HttpServletResponse)
2019-09-20 19:16:45,278 INFO [AbstractUrlHandlerMapping.java:373] Mapped URL path [/webjars/**] onto handler of type [class org.springframework.web.servlet.resource.ResourceHttpRequestHandler]
2019-09-20 19:16:45,279 INFO [AbstractUrlHandlerMapping.java:373] Mapped URL path [/**] onto handler of type [class org.springframework.web.servlet.resource.ResourceHttpRequestHandler]
2019-09-20 19:16:45,679 INFO [MBeanExporter.java:433] Registering beans for JMX exposure on startup
2019-09-20 19:16:45,716 INFO [DirectJDKLog.java:180] Starting ProtocolHandler ["http-nio-8080"]
2019-09-20 19:16:45,738 INFO [DirectJDKLog.java:180] Using a shared selector for servlet write/read
2019-09-20 19:16:45,790 INFO [TomcatWebServer.java:206] Tomcat started on port(s): 8080 (http) with context path '/CeirPannelCode'
2019-09-20 19:16:45,796 INFO [StartupInfoLogger.java:59] Started App in 6.841 seconds (JVM running for 7.77)
2019-09-20 19:17:03,839 INFO [DirectJDKLog.java:180] Initializing Spring FrameworkServlet 'dispatcherServlet'
2019-09-20 19:17:03,839 INFO [FrameworkServlet.java:494] FrameworkServlet 'dispatcherServlet': initialization started
2019-09-20 19:17:04,335 INFO [FrameworkServlet.java:509] FrameworkServlet 'dispatcherServlet': initialization completed in 496 ms
2019-09-20 20:04:11,489 INFO [AbstractApplicationContext.java:993] Closing org.springframework.boot.web.servlet.context.AnnotationConfigServletWebServerApplicationContext@6db9f5a4: startup date [Fri Sep 20 19:16:39 IST 2019]; root of context hierarchy
2019-09-20 20:04:11,494 INFO [MBeanExporter.java:451] Unregistering JMX-exposed beans on shutdown
